2022-05-19 13:05:841 INFO  ManageDriver :31 - Launching Chrome Browser
2022-05-19 13:05:284 INFO  ManageDriver :31 - Launching Chrome Browser
2022-05-19 14:05:322 INFO  ManageDriver :31 - Launching Chrome Browser
2022-05-19 14:05:419 INFO  ManageDriver :31 - Launching Chrome Browser
2022-05-19 14:05:979 INFO  ManageDriver :31 - Launching Chrome Browser
2022-05-19 14:05:187 INFO  ProductPage :33 - Selecting by : [[ChromeDriver: chrome on WINDOWS (ef9b3a1b34da151ddc64fb6aa4e703f5)] -> xpath: //select[@class='product_sort_container']]
2022-05-19 14:05:243 INFO  ProductPage :43 - Selecting Cheapest Product : [[ChromeDriver: chrome on WINDOWS (ef9b3a1b34da151ddc64fb6aa4e703f5)] -> xpath: //div[@class='inventory_list']/div[6]/div/div/button]
2022-05-19 14:05:292 INFO  ProductPage :38 - Selecting Costlier Product : [[ChromeDriver: chrome on WINDOWS (ef9b3a1b34da151ddc64fb6aa4e703f5)] -> xpath: //div[@class='inventory_list']/div[1]/div/div/button]
2022-05-19 14:05:352 INFO  ProductPage :48 - Clicking On Shopping Cart Button  : [[ChromeDriver: chrome on WINDOWS (ef9b3a1b34da151ddc64fb6aa4e703f5)] -> xpath: //a[@class='shopping_cart_link']]
2022-05-19 14:05:416 INFO  CheckOutPage :42 - Clicking on Checkout button : [[ChromeDriver: chrome on WINDOWS (ef9b3a1b34da151ddc64fb6aa4e703f5)] -> xpath: //button[@id='checkout']]
2022-05-19 14:05:537 INFO  CheckOutPage :48 - enter first name : [[ChromeDriver: chrome on WINDOWS (ef9b3a1b34da151ddc64fb6aa4e703f5)] -> xpath: //input[@id='first-name']]
2022-05-19 14:05:623 INFO  CheckOutPage :53 - enter Last name : [[ChromeDriver: chrome on WINDOWS (ef9b3a1b34da151ddc64fb6aa4e703f5)] -> xpath: //input[@id='last-name']]
2022-05-19 14:05:723 INFO  CheckOutPage :58 - enter Postcode : [[ChromeDriver: chrome on WINDOWS (ef9b3a1b34da151ddc64fb6aa4e703f5)] -> xpath: //input[@id='postal-code']]
2022-05-19 14:05:793 INFO  CheckOutPage :63 - Clicking on Continue Button : [[ChromeDriver: chrome on WINDOWS (ef9b3a1b34da151ddc64fb6aa4e703f5)] -> xpath: //input[@id='continue']]
2022-05-19 14:05:855 INFO  CheckOutPage :68 - Clicking on Finish Button : [[ChromeDriver: chrome on WINDOWS (ef9b3a1b34da151ddc64fb6aa4e703f5)] -> xpath: //button[@id='finish']]
2022-05-19 14:05:875 INFO  CheckOutPage :72 - Getting Confirm Message : [[ChromeDriver: chrome on WINDOWS (ef9b3a1b34da151ddc64fb6aa4e703f5)] -> xpath: //h2[@class='complete-header']]
2022-05-19 14:05:217 INFO  ManageDriver :31 - Launching Chrome Browser
2022-05-19 14:05:883 INFO  ProductPage :33 - Selecting by : [[ChromeDriver: chrome on WINDOWS (e266477be322f32ae3f24f6a218b9cdc)] -> xpath: //select[@class='product_sort_container']]
2022-05-19 14:05:954 INFO  ProductPage :43 - Selecting Cheapest Product : [[ChromeDriver: chrome on WINDOWS (e266477be322f32ae3f24f6a218b9cdc)] -> xpath: //div[@class='inventory_list']/div[6]/div/div/button]
2022-05-19 14:05:07 INFO  ProductPage :38 - Selecting Costlier Product : [[ChromeDriver: chrome on WINDOWS (e266477be322f32ae3f24f6a218b9cdc)] -> xpath: //div[@class='inventory_list']/div[1]/div/div/button]
2022-05-19 14:05:69 INFO  ProductPage :48 - Clicking On Shopping Cart Button  : [[ChromeDriver: chrome on WINDOWS (e266477be322f32ae3f24f6a218b9cdc)] -> xpath: //a[@class='shopping_cart_link']]
2022-05-19 14:05:134 INFO  CheckOutPage :42 - Clicking on Checkout button : [[ChromeDriver: chrome on WINDOWS (e266477be322f32ae3f24f6a218b9cdc)] -> xpath: //button[@id='checkout']]
2022-05-19 14:05:237 INFO  CheckOutPage :48 - enter first name : [[ChromeDriver: chrome on WINDOWS (e266477be322f32ae3f24f6a218b9cdc)] -> xpath: //input[@id='first-name']]
2022-05-19 14:05:323 INFO  CheckOutPage :53 - enter Last name : [[ChromeDriver: chrome on WINDOWS (e266477be322f32ae3f24f6a218b9cdc)] -> xpath: //input[@id='last-name']]
2022-05-19 14:05:429 INFO  CheckOutPage :58 - enter Postcode : [[ChromeDriver: chrome on WINDOWS (e266477be322f32ae3f24f6a218b9cdc)] -> xpath: //input[@id='postal-code']]
2022-05-19 14:05:500 INFO  CheckOutPage :63 - Clicking on Continue Button : [[ChromeDriver: chrome on WINDOWS (e266477be322f32ae3f24f6a218b9cdc)] -> xpath: //input[@id='continue']]
2022-05-19 14:05:572 INFO  CheckOutPage :68 - Clicking on Finish Button : [[ChromeDriver: chrome on WINDOWS (e266477be322f32ae3f24f6a218b9cdc)] -> xpath: //button[@id='finish']]
2022-05-19 14:05:593 INFO  CheckOutPage :72 - Getting Confirm Message : [[ChromeDriver: chrome on WINDOWS (e266477be322f32ae3f24f6a218b9cdc)] -> xpath: //h2[@class='complete-header']]
2022-05-19 14:05:347 INFO  ManageDriver :31 - Launching Chrome Browser
2022-05-19 14:05:823 INFO  ProductPage :33 - Selecting by : [[ChromeDriver: chrome on WINDOWS (9715723dc8cde7b8d073dcf42ebded1e)] -> xpath: //select[@class='product_sort_container']]
2022-05-19 14:05:886 INFO  ProductPage :43 - Selecting Cheapest Product : [[ChromeDriver: chrome on WINDOWS (9715723dc8cde7b8d073dcf42ebded1e)] -> xpath: //div[@class='inventory_list']/div[6]/div/div/button]
2022-05-19 14:05:940 INFO  ProductPage :38 - Selecting Costlier Product : [[ChromeDriver: chrome on WINDOWS (9715723dc8cde7b8d073dcf42ebded1e)] -> xpath: //div[@class='inventory_list']/div[1]/div/div/button]
2022-05-19 14:05:126 INFO  ProductPage :48 - Clicking On Shopping Cart Button  : [[ChromeDriver: chrome on WINDOWS (9715723dc8cde7b8d073dcf42ebded1e)] -> xpath: //a[@class='shopping_cart_link']]
2022-05-19 14:05:188 INFO  CheckOutPage :42 - Clicking on Checkout button : [[ChromeDriver: chrome on WINDOWS (9715723dc8cde7b8d073dcf42ebded1e)] -> xpath: //button[@id='checkout']]
2022-05-19 14:05:293 INFO  CheckOutPage :48 - enter first name : [[ChromeDriver: chrome on WINDOWS (9715723dc8cde7b8d073dcf42ebded1e)] -> xpath: //input[@id='first-name']]
2022-05-19 14:05:385 INFO  CheckOutPage :53 - enter Last name : [[ChromeDriver: chrome on WINDOWS (9715723dc8cde7b8d073dcf42ebded1e)] -> xpath: //input[@id='last-name']]
2022-05-19 14:05:486 INFO  CheckOutPage :58 - enter Postcode : [[ChromeDriver: chrome on WINDOWS (9715723dc8cde7b8d073dcf42ebded1e)] -> xpath: //input[@id='postal-code']]
2022-05-19 14:05:557 INFO  CheckOutPage :63 - Clicking on Continue Button : [[ChromeDriver: chrome on WINDOWS (9715723dc8cde7b8d073dcf42ebded1e)] -> xpath: //input[@id='continue']]
2022-05-19 14:05:632 INFO  CheckOutPage :68 - Clicking on Finish Button : [[ChromeDriver: chrome on WINDOWS (9715723dc8cde7b8d073dcf42ebded1e)] -> xpath: //button[@id='finish']]
2022-05-19 14:05:658 INFO  CheckOutPage :72 - Getting Confirm Message : [[ChromeDriver: chrome on WINDOWS (9715723dc8cde7b8d073dcf42ebded1e)] -> xpath: //h2[@class='complete-header']]
2022-05-19 14:05:841 INFO  ManageDriver :31 - Launching Chrome Browser
2022-05-19 14:05:615 INFO  ProductPage :33 - Selecting by : [[ChromeDriver: chrome on WINDOWS (8aa60ead3aba9174d5f7d7f9ffd65870)] -> xpath: //select[@class='product_sort_container']]
2022-05-19 14:05:699 INFO  ProductPage :43 - Selecting Cheapest Product : [[ChromeDriver: chrome on WINDOWS (8aa60ead3aba9174d5f7d7f9ffd65870)] -> xpath: //div[@class='inventory_list']/div[6]/div/div/button]
2022-05-19 14:05:756 INFO  ProductPage :38 - Selecting Costlier Product : [[ChromeDriver: chrome on WINDOWS (8aa60ead3aba9174d5f7d7f9ffd65870)] -> xpath: //div[@class='inventory_list']/div[1]/div/div/button]
2022-05-19 14:05:826 INFO  ProductPage :48 - Clicking On Shopping Cart Button  : [[ChromeDriver: chrome on WINDOWS (8aa60ead3aba9174d5f7d7f9ffd65870)] -> xpath: //a[@class='shopping_cart_link']]
2022-05-19 14:05:884 INFO  CheckOutPage :42 - Clicking on Checkout button : [[ChromeDriver: chrome on WINDOWS (8aa60ead3aba9174d5f7d7f9ffd65870)] -> xpath: //button[@id='checkout']]
2022-05-19 14:05:975 INFO  CheckOutPage :48 - enter first name : [[ChromeDriver: chrome on WINDOWS (8aa60ead3aba9174d5f7d7f9ffd65870)] -> xpath: //input[@id='first-name']]
2022-05-19 14:05:56 INFO  CheckOutPage :53 - enter Last name : [[ChromeDriver: chrome on WINDOWS (8aa60ead3aba9174d5f7d7f9ffd65870)] -> xpath: //input[@id='last-name']]
2022-05-19 14:05:157 INFO  CheckOutPage :58 - enter Postcode : [[ChromeDriver: chrome on WINDOWS (8aa60ead3aba9174d5f7d7f9ffd65870)] -> xpath: //input[@id='postal-code']]
2022-05-19 14:05:223 INFO  CheckOutPage :63 - Clicking on Continue Button : [[ChromeDriver: chrome on WINDOWS (8aa60ead3aba9174d5f7d7f9ffd65870)] -> xpath: //input[@id='continue']]
2022-05-19 14:05:283 INFO  CheckOutPage :68 - Clicking on Finish Button : [[ChromeDriver: chrome on WINDOWS (8aa60ead3aba9174d5f7d7f9ffd65870)] -> xpath: //button[@id='finish']]
2022-05-19 14:05:302 INFO  CheckOutPage :72 - Getting Confirm Message : [[ChromeDriver: chrome on WINDOWS (8aa60ead3aba9174d5f7d7f9ffd65870)] -> xpath: //h2[@class='complete-header']]
2022-05-19 14:05:528 INFO  ManageDriver :31 - Launching Chrome Browser
2022-05-19 14:05:661 INFO  ProductPage :33 - Selecting by : [[ChromeDriver: chrome on WINDOWS (1f9ea92519acc5bd74c0d60910b51409)] -> xpath: //select[@class='product_sort_container']]
2022-05-19 14:05:902 INFO  ProductPage :43 - Selecting Cheapest Product : [[ChromeDriver: chrome on WINDOWS (1f9ea92519acc5bd74c0d60910b51409)] -> xpath: //div[@class='inventory_list']/div[6]/div/div/button]
2022-05-19 14:05:989 INFO  ProductPage :38 - Selecting Costlier Product : [[ChromeDriver: chrome on WINDOWS (1f9ea92519acc5bd74c0d60910b51409)] -> xpath: //div[@class='inventory_list']/div[1]/div/div/button]
2022-05-19 14:05:60 INFO  ProductPage :48 - Clicking On Shopping Cart Button  : [[ChromeDriver: chrome on WINDOWS (1f9ea92519acc5bd74c0d60910b51409)] -> xpath: //a[@class='shopping_cart_link']]
2022-05-19 14:05:139 INFO  CheckOutPage :42 - Clicking on Checkout button : [[ChromeDriver: chrome on WINDOWS (1f9ea92519acc5bd74c0d60910b51409)] -> xpath: //button[@id='checkout']]
2022-05-19 14:05:249 INFO  CheckOutPage :48 - enter first name : [[ChromeDriver: chrome on WINDOWS (1f9ea92519acc5bd74c0d60910b51409)] -> xpath: //input[@id='first-name']]
2022-05-19 14:05:351 INFO  CheckOutPage :53 - enter Last name : [[ChromeDriver: chrome on WINDOWS (1f9ea92519acc5bd74c0d60910b51409)] -> xpath: //input[@id='last-name']]
2022-05-19 14:05:483 INFO  CheckOutPage :58 - enter Postcode : [[ChromeDriver: chrome on WINDOWS (1f9ea92519acc5bd74c0d60910b51409)] -> xpath: //input[@id='postal-code']]
2022-05-19 14:05:571 INFO  CheckOutPage :63 - Clicking on Continue Button : [[ChromeDriver: chrome on WINDOWS (1f9ea92519acc5bd74c0d60910b51409)] -> xpath: //input[@id='continue']]
2022-05-19 14:05:635 INFO  CheckOutPage :68 - Clicking on Finish Button : [[ChromeDriver: chrome on WINDOWS (1f9ea92519acc5bd74c0d60910b51409)] -> xpath: //button[@id='finish']]
2022-05-19 14:05:660 INFO  CheckOutPage :72 - Getting Confirm Message : [[ChromeDriver: chrome on WINDOWS (1f9ea92519acc5bd74c0d60910b51409)] -> xpath: //h2[@class='complete-header']]
2022-05-19 14:05:855 INFO  ManageDriver :31 - Launching Chrome Browser
2022-05-19 14:05:749 INFO  ProductPage :33 - Selecting by : [[ChromeDriver: chrome on WINDOWS (07edbe5b0739d71c7542052a28f4c1ba)] -> xpath: //select[@class='product_sort_container']]
2022-05-19 14:05:851 INFO  ProductPage :43 - Selecting Cheapest Product : [[ChromeDriver: chrome on WINDOWS (07edbe5b0739d71c7542052a28f4c1ba)] -> xpath: //div[@class='inventory_list']/div[6]/div/div/button]
2022-05-19 14:05:13 INFO  ProductPage :38 - Selecting Costlier Product : [[ChromeDriver: chrome on WINDOWS (07edbe5b0739d71c7542052a28f4c1ba)] -> xpath: //div[@class='inventory_list']/div[1]/div/div/button]
2022-05-19 14:05:118 INFO  ProductPage :48 - Clicking On Shopping Cart Button  : [[ChromeDriver: chrome on WINDOWS (07edbe5b0739d71c7542052a28f4c1ba)] -> xpath: //a[@class='shopping_cart_link']]
2022-05-19 14:05:198 INFO  CheckOutPage :42 - Clicking on Checkout button : [[ChromeDriver: chrome on WINDOWS (07edbe5b0739d71c7542052a28f4c1ba)] -> xpath: //button[@id='checkout']]
2022-05-19 14:05:315 INFO  CheckOutPage :48 - enter first name : [[ChromeDriver: chrome on WINDOWS (07edbe5b0739d71c7542052a28f4c1ba)] -> xpath: //input[@id='first-name']]
2022-05-19 14:05:413 INFO  CheckOutPage :53 - enter Last name : [[ChromeDriver: chrome on WINDOWS (07edbe5b0739d71c7542052a28f4c1ba)] -> xpath: //input[@id='last-name']]
2022-05-19 14:05:521 INFO  CheckOutPage :58 - enter Postcode : [[ChromeDriver: chrome on WINDOWS (07edbe5b0739d71c7542052a28f4c1ba)] -> xpath: //input[@id='postal-code']]
2022-05-19 14:05:598 INFO  CheckOutPage :63 - Clicking on Continue Button : [[ChromeDriver: chrome on WINDOWS (07edbe5b0739d71c7542052a28f4c1ba)] -> xpath: //input[@id='continue']]
2022-05-19 14:05:682 INFO  CheckOutPage :68 - Clicking on Finish Button : [[ChromeDriver: chrome on WINDOWS (07edbe5b0739d71c7542052a28f4c1ba)] -> xpath: //button[@id='finish']]
2022-05-19 14:05:720 INFO  CheckOutPage :72 - Getting Confirm Message : [[ChromeDriver: chrome on WINDOWS (07edbe5b0739d71c7542052a28f4c1ba)] -> xpath: //h2[@class='complete-header']]
2022-05-19 15:05:83 INFO  ManageDriver :31 - Launching Chrome Browser
2022-05-19 15:05:805 INFO  ProductPage :33 - Selecting by : [[ChromeDriver: chrome on WINDOWS (93d02d6cde3fbc35d799163f45a45fbb)] -> xpath: //select[@class='product_sort_container']]
2022-05-19 15:05:28 INFO  ProductPage :43 - Selecting Cheapest Product : [[ChromeDriver: chrome on WINDOWS (93d02d6cde3fbc35d799163f45a45fbb)] -> xpath: //div[@class='inventory_list']/div[6]/div/div/button]
2022-05-19 15:05:112 INFO  ProductPage :38 - Selecting Costlier Product : [[ChromeDriver: chrome on WINDOWS (93d02d6cde3fbc35d799163f45a45fbb)] -> xpath: //div[@class='inventory_list']/div[1]/div/div/button]
2022-05-19 15:05:182 INFO  ProductPage :48 - Clicking On Shopping Cart Button  : [[ChromeDriver: chrome on WINDOWS (93d02d6cde3fbc35d799163f45a45fbb)] -> xpath: //a[@class='shopping_cart_link']]
2022-05-19 15:05:257 INFO  CheckOutPage :42 - Clicking on Checkout button : [[ChromeDriver: chrome on WINDOWS (93d02d6cde3fbc35d799163f45a45fbb)] -> xpath: //button[@id='checkout']]
2022-05-19 15:05:356 INFO  CheckOutPage :48 - enter first name : [[ChromeDriver: chrome on WINDOWS (93d02d6cde3fbc35d799163f45a45fbb)] -> xpath: //input[@id='first-name']]
2022-05-19 15:05:453 INFO  CheckOutPage :53 - enter Last name : [[ChromeDriver: chrome on WINDOWS (93d02d6cde3fbc35d799163f45a45fbb)] -> xpath: //input[@id='last-name']]
2022-05-19 15:05:556 INFO  CheckOutPage :58 - enter Postcode : [[ChromeDriver: chrome on WINDOWS (93d02d6cde3fbc35d799163f45a45fbb)] -> xpath: //input[@id='postal-code']]
2022-05-19 15:05:637 INFO  CheckOutPage :63 - Clicking on Continue Button : [[ChromeDriver: chrome on WINDOWS (93d02d6cde3fbc35d799163f45a45fbb)] -> xpath: //input[@id='continue']]
2022-05-19 15:05:694 INFO  CheckOutPage :68 - Clicking on Finish Button : [[ChromeDriver: chrome on WINDOWS (93d02d6cde3fbc35d799163f45a45fbb)] -> xpath: //button[@id='finish']]
2022-05-19 15:05:723 INFO  CheckOutPage :72 - Getting Confirm Message : [[ChromeDriver: chrome on WINDOWS (93d02d6cde3fbc35d799163f45a45fbb)] -> xpath: //h2[@class='complete-header']]
2022-05-19 15:05:781 INFO  ManageDriver :31 - Launching Chrome Browser
2022-05-19 15:05:215 INFO  ProductPage :33 - Selecting by : [[ChromeDriver: chrome on WINDOWS (1274321e09564af4f0abc14ac29526b9)] -> xpath: //select[@class='product_sort_container']]
2022-05-19 15:05:267 INFO  ProductPage :43 - Selecting Cheapest Product : [[ChromeDriver: chrome on WINDOWS (1274321e09564af4f0abc14ac29526b9)] -> xpath: //div[@class='inventory_list']/div[6]/div/div/button]
2022-05-19 15:05:317 INFO  ProductPage :38 - Selecting Costlier Product : [[ChromeDriver: chrome on WINDOWS (1274321e09564af4f0abc14ac29526b9)] -> xpath: //div[@class='inventory_list']/div[1]/div/div/button]
2022-05-19 15:05:362 INFO  ProductPage :48 - Clicking On Shopping Cart Button  : [[ChromeDriver: chrome on WINDOWS (1274321e09564af4f0abc14ac29526b9)] -> xpath: //a[@class='shopping_cart_link']]
2022-05-19 15:05:408 INFO  CheckOutPage :42 - Clicking on Checkout button : [[ChromeDriver: chrome on WINDOWS (1274321e09564af4f0abc14ac29526b9)] -> xpath: //button[@id='checkout']]
2022-05-19 15:05:493 INFO  CheckOutPage :48 - enter first name : [[ChromeDriver: chrome on WINDOWS (1274321e09564af4f0abc14ac29526b9)] -> xpath: //input[@id='first-name']]
2022-05-19 15:05:557 INFO  CheckOutPage :53 - enter Last name : [[ChromeDriver: chrome on WINDOWS (1274321e09564af4f0abc14ac29526b9)] -> xpath: //input[@id='last-name']]
2022-05-19 15:05:625 INFO  CheckOutPage :58 - enter Postcode : [[ChromeDriver: chrome on WINDOWS (1274321e09564af4f0abc14ac29526b9)] -> xpath: //input[@id='postal-code']]
2022-05-19 15:05:680 INFO  CheckOutPage :63 - Clicking on Continue Button : [[ChromeDriver: chrome on WINDOWS (1274321e09564af4f0abc14ac29526b9)] -> xpath: //input[@id='continue']]
2022-05-19 15:05:734 INFO  CheckOutPage :68 - Clicking on Finish Button : [[ChromeDriver: chrome on WINDOWS (1274321e09564af4f0abc14ac29526b9)] -> xpath: //button[@id='finish']]
2022-05-19 15:05:760 INFO  CheckOutPage :72 - Getting Confirm Message : [[ChromeDriver: chrome on WINDOWS (1274321e09564af4f0abc14ac29526b9)] -> xpath: //h2[@class='complete-header']]
2022-05-19 15:05:988 INFO  ManageDriver :31 - Launching Chrome Browser
2022-05-19 15:05:945 INFO  ProductPage :33 - Selecting by : [[ChromeDriver: chrome on WINDOWS (67abdc61ecfb869d27e0ce448254a355)] -> xpath: //select[@class='product_sort_container']]
2022-05-19 15:05:30 INFO  ProductPage :43 - Selecting Cheapest Product : [[ChromeDriver: chrome on WINDOWS (67abdc61ecfb869d27e0ce448254a355)] -> xpath: //div[@class='inventory_list']/div[6]/div/div/button]
2022-05-19 15:05:150 INFO  ProductPage :38 - Selecting Costlier Product : [[ChromeDriver: chrome on WINDOWS (67abdc61ecfb869d27e0ce448254a355)] -> xpath: //div[@class='inventory_list']/div[1]/div/div/button]
2022-05-19 15:05:235 INFO  ProductPage :48 - Clicking On Shopping Cart Button  : [[ChromeDriver: chrome on WINDOWS (67abdc61ecfb869d27e0ce448254a355)] -> xpath: //a[@class='shopping_cart_link']]
2022-05-19 15:05:310 INFO  CheckOutPage :42 - Clicking on Checkout button : [[ChromeDriver: chrome on WINDOWS (67abdc61ecfb869d27e0ce448254a355)] -> xpath: //button[@id='checkout']]
2022-05-19 15:05:417 INFO  CheckOutPage :48 - enter first name : [[ChromeDriver: chrome on WINDOWS (67abdc61ecfb869d27e0ce448254a355)] -> xpath: //input[@id='first-name']]
2022-05-19 15:05:510 INFO  CheckOutPage :53 - enter Last name : [[ChromeDriver: chrome on WINDOWS (67abdc61ecfb869d27e0ce448254a355)] -> xpath: //input[@id='last-name']]
2022-05-19 15:05:604 INFO  CheckOutPage :58 - enter Postcode : [[ChromeDriver: chrome on WINDOWS (67abdc61ecfb869d27e0ce448254a355)] -> xpath: //input[@id='postal-code']]
2022-05-19 15:05:673 INFO  CheckOutPage :63 - Clicking on Continue Button : [[ChromeDriver: chrome on WINDOWS (67abdc61ecfb869d27e0ce448254a355)] -> xpath: //input[@id='continue']]
2022-05-19 15:05:744 INFO  CheckOutPage :68 - Clicking on Finish Button : [[ChromeDriver: chrome on WINDOWS (67abdc61ecfb869d27e0ce448254a355)] -> xpath: //button[@id='finish']]
2022-05-19 15:05:767 INFO  CheckOutPage :72 - Getting Confirm Message : [[ChromeDriver: chrome on WINDOWS (67abdc61ecfb869d27e0ce448254a355)] -> xpath: //h2[@class='complete-header']]
2022-05-19 15:05:188 INFO  ManageDriver :31 - Launching Chrome Browser
2022-05-19 15:05:731 INFO  ProductPage :36 - Selecting by : [[ChromeDriver: chrome on WINDOWS (bcde12e6a0714ed2b4450d9c408980c6)] -> xpath: //select[@class='product_sort_container']]
2022-05-19 15:05:800 INFO  ProductPage :46 - Selecting Cheapest Product : [[ChromeDriver: chrome on WINDOWS (bcde12e6a0714ed2b4450d9c408980c6)] -> xpath: //div[@class='inventory_list']/div[6]/div/div/button]
2022-05-19 15:05:883 INFO  ProductPage :41 - Selecting Costlier Product : [[ChromeDriver: chrome on WINDOWS (bcde12e6a0714ed2b4450d9c408980c6)] -> xpath: //button[@id='add-to-cart-sauce-labs-fleece-jacket']]
2022-05-19 15:05:963 INFO  ProductPage :51 - Clicking On Shopping Cart Button  : [[ChromeDriver: chrome on WINDOWS (bcde12e6a0714ed2b4450d9c408980c6)] -> xpath: //a[@class='shopping_cart_link']]
2022-05-19 15:05:39 INFO  CheckOutPage :42 - Clicking on Checkout button : [[ChromeDriver: chrome on WINDOWS (bcde12e6a0714ed2b4450d9c408980c6)] -> xpath: //button[@id='checkout']]
2022-05-19 15:05:139 INFO  CheckOutPage :48 - enter first name : [[ChromeDriver: chrome on WINDOWS (bcde12e6a0714ed2b4450d9c408980c6)] -> xpath: //input[@id='first-name']]
2022-05-19 15:05:231 INFO  CheckOutPage :53 - enter Last name : [[ChromeDriver: chrome on WINDOWS (bcde12e6a0714ed2b4450d9c408980c6)] -> xpath: //input[@id='last-name']]
2022-05-19 15:05:330 INFO  CheckOutPage :58 - enter Postcode : [[ChromeDriver: chrome on WINDOWS (bcde12e6a0714ed2b4450d9c408980c6)] -> xpath: //input[@id='postal-code']]
2022-05-19 15:05:399 INFO  CheckOutPage :63 - Clicking on Continue Button : [[ChromeDriver: chrome on WINDOWS (bcde12e6a0714ed2b4450d9c408980c6)] -> xpath: //input[@id='continue']]
2022-05-19 15:05:459 INFO  CheckOutPage :68 - Clicking on Finish Button : [[ChromeDriver: chrome on WINDOWS (bcde12e6a0714ed2b4450d9c408980c6)] -> xpath: //button[@id='finish']]
2022-05-19 15:05:486 INFO  CheckOutPage :72 - Getting Confirm Message : [[ChromeDriver: chrome on WINDOWS (bcde12e6a0714ed2b4450d9c408980c6)] -> xpath: //h2[@class='complete-header']]
2022-05-19 15:05:665 INFO  ManageDriver :31 - Launching Chrome Browser
2022-05-19 15:05:86 INFO  ProductPage :36 - Selecting by : [[ChromeDriver: chrome on WINDOWS (f9ff4756065b82a295217809a38b550a)] -> xpath: //select[@class='product_sort_container']]
2022-05-19 15:05:136 INFO  ProductPage :46 - Selecting Cheapest Product : [[ChromeDriver: chrome on WINDOWS (f9ff4756065b82a295217809a38b550a)] -> xpath: //button[@id='add-to-cart-sauce-labs-onesie']]
2022-05-19 15:05:192 INFO  ProductPage :41 - Selecting Costlier Product : [[ChromeDriver: chrome on WINDOWS (f9ff4756065b82a295217809a38b550a)] -> xpath: //button[@id='add-to-cart-sauce-labs-fleece-jacket']]
2022-05-19 15:05:280 INFO  ProductPage :51 - Clicking On Shopping Cart Button  : [[ChromeDriver: chrome on WINDOWS (f9ff4756065b82a295217809a38b550a)] -> xpath: //a[@class='shopping_cart_link']]
2022-05-19 15:05:368 INFO  CheckOutPage :42 - Clicking on Checkout button : [[ChromeDriver: chrome on WINDOWS (f9ff4756065b82a295217809a38b550a)] -> xpath: //button[@id='checkout']]
2022-05-19 15:05:515 INFO  CheckOutPage :48 - enter first name : [[ChromeDriver: chrome on WINDOWS (f9ff4756065b82a295217809a38b550a)] -> xpath: //input[@id='first-name']]
2022-05-19 15:05:635 INFO  CheckOutPage :53 - enter Last name : [[ChromeDriver: chrome on WINDOWS (f9ff4756065b82a295217809a38b550a)] -> xpath: //input[@id='last-name']]
2022-05-19 15:05:741 INFO  CheckOutPage :58 - enter Postcode : [[ChromeDriver: chrome on WINDOWS (f9ff4756065b82a295217809a38b550a)] -> xpath: //input[@id='postal-code']]
2022-05-19 15:05:819 INFO  CheckOutPage :63 - Clicking on Continue Button : [[ChromeDriver: chrome on WINDOWS (f9ff4756065b82a295217809a38b550a)] -> xpath: //input[@id='continue']]
2022-05-19 15:05:882 INFO  CheckOutPage :68 - Clicking on Finish Button : [[ChromeDriver: chrome on WINDOWS (f9ff4756065b82a295217809a38b550a)] -> xpath: //button[@id='finish']]
2022-05-19 15:05:914 INFO  CheckOutPage :72 - Getting Confirm Message : [[ChromeDriver: chrome on WINDOWS (f9ff4756065b82a295217809a38b550a)] -> xpath: //h2[@class='complete-header']]
